2026-04-28T17:59:52.966172Z  INFO sqlx::postgres::notice: relation "permissions" already exists, skipping
2026-04-28T17:59:52.986918Z  INFO sqlx::postgres::notice: relation "paths" already exists, skipping
2026-04-28T17:59:52.987968Z  INFO sqlx::postgres::notice: relation "files" already exists, skipping
2026-04-28T17:59:54.644958Z  INFO request{method=GET uri=/ version=HTTP/1.1}: tower_http::trace::on_response: finished processing request latency=7 ms status=404
2026-04-28T18:04:42.796293Z  INFO sqlx::postgres::notice: relation "permissions" already exists, skipping
2026-04-28T18:04:42.820401Z  INFO sqlx::postgres::notice: relation "paths" already exists, skipping
2026-04-28T18:04:42.821075Z  INFO sqlx::postgres::notice: relation "files" already exists, skipping
2026-04-28T18:04:44.108381Z  INFO request{method=GET uri=/ version=HTTP/1.1}: tower_http::trace::on_response: finished processing request latency=3 ms status=404
2026-04-28T18:06:08.761054Z  INFO sqlx::postgres::notice: relation "permissions" already exists, skipping
2026-04-28T18:06:08.783727Z  INFO sqlx::postgres::notice: relation "paths" already exists, skipping
2026-04-28T18:06:08.784469Z  INFO sqlx::postgres::notice: relation "files" already exists, skipping
2026-04-28T18:06:10.139200Z  INFO request{method=GET uri=/ version=HTTP/1.1}: sqlx_core::pool::inner: ping on idle connection returned error error=error returned from database: terminating connection due to administrator command
2026-04-28T18:06:10.183348Z  INFO request{method=GET uri=/ version=HTTP/1.1}: sqlx_core::pool::inner: ping on idle connection returned error error=error returned from database: terminating connection due to administrator command
2026-04-28T18:06:10.206762Z  INFO request{method=GET uri=/ version=HTTP/1.1}: tower_http::trace::on_response: finished processing request latency=67 ms status=404
2026-04-28T18:06:50.641806Z  INFO sqlx::postgres::notice: relation "permissions" already exists, skipping
2026-04-28T18:06:50.666874Z  INFO sqlx::postgres::notice: relation "paths" already exists, skipping
2026-04-28T18:06:50.667397Z  INFO sqlx::postgres::notice: relation "files" already exists, skipping
2026-04-28T18:06:52.537553Z  INFO request{method=GET uri=/ version=HTTP/1.1}: tower_http::trace::on_response: finished processing request latency=5 ms status=200
2026-04-28T18:07:10.322402Z  INFO sqlx::postgres::notice: relation "permissions" already exists, skipping
2026-04-28T18:07:10.343172Z  INFO sqlx::postgres::notice: relation "paths" already exists, skipping
2026-04-28T18:07:10.343974Z  INFO sqlx::postgres::notice: relation "files" already exists, skipping
2026-04-28T18:07:12.730236Z  INFO request{method=GET uri=/ version=HTTP/1.1}: tower_http::trace::on_response: finished processing request latency=7 ms status=200
2026-04-28T18:07:12.780643Z  INFO request{method=GET uri=/styles.css version=HTTP/1.1}: tower_http::trace::on_response: finished processing request latency=33 ms status=200
2026-04-28T18:07:12.784477Z  INFO request{method=GET uri=/script.js version=HTTP/1.1}: tower_http::trace::on_response: finished processing request latency=35 ms status=200
2026-04-30T16:22:25.971828Z  INFO sqlx::postgres::notice: relation "permissions" already exists, skipping
2026-04-30T16:22:25.998312Z  INFO sqlx::postgres::notice: relation "paths" already exists, skipping
2026-04-30T16:22:25.998813Z  INFO sqlx::postgres::notice: relation "files" already exists, skipping
2026-04-30T16:22:27.408958Z  INFO request{method=GET uri=/ version=HTTP/1.1}: tower_http::trace::on_response: finished processing request latency=19 ms status=200
2026-04-30T16:22:27.427837Z  INFO request{method=GET uri=/styles.css version=HTTP/1.1}: tower_http::trace::on_response: finished processing request latency=6 ms status=200
2026-04-30T16:22:27.455250Z  INFO request{method=GET uri=/script.js version=HTTP/1.1}: tower_http::trace::on_response: finished processing request latency=31 ms status=200
2026-04-30T16:22:27.460260Z  INFO request{method=GET uri=/favicon.ico version=HTTP/1.1}: tower_http::trace::on_response: finished processing request latency=1 ms status=404
